<?xml version="1.0" encoding="UTF-8"?>
<!-- Generated by org.testng.reporters.JUnitReportReporter -->
<testsuite hostname="admin" failures="0" tests="1" name="com.acti_time.script.VerifyValidLoginPage" time="0.621" errors="0" timestamp="2022-04-02T16:37:32 IST" skipped="0">
  <testcase classname="com.acti_time.script.VerifyValidLoginPage" name="verifyValidLoginPage" time="0.621"/>
  <system-out/>
</testsuite> <!-- com.acti_time.script.VerifyValidLoginPage -->
